[2020-10-15 15:14:24.187] [exthost] [info] extension host started
[2020-10-15 15:14:24.397] [exthost] [info] extension host started
[2020-10-15 15:14:24.438] [exthost] [info] ExtensionService#_doActivateExtension vscode.configuration-editing {"startup":false,"extensionId":{"value":"vscode.configuration-editing","_lower":"vscode.configuration-editing"},"activationEvent":"onLanguage:jsonc"}
[2020-10-15 15:14:24.438] [exthost] [info] ExtensionService#loadCommonJSModule file:///c:/Users/kccistc/Desktop/eclipse-jee-oxygen-3a-win32-x86_64/eclipse/plugins/com.genuitec.eclipse.code.engine.app.win32.x86_64_3.6.0.202002212104/engine/resources/app/extensions/configuration-editing/dist/extension
[2020-10-15 15:14:24.447] [exthost] [info] ExtensionService#_doActivateExtension vscode.json-language-features {"startup":false,"extensionId":{"value":"vscode.json-language-features","_lower":"vscode.json-language-features"},"activationEvent":"onLanguage:jsonc"}
[2020-10-15 15:14:24.447] [exthost] [info] ExtensionService#loadCommonJSModule file:///c:/Users/kccistc/Desktop/eclipse-jee-oxygen-3a-win32-x86_64/eclipse/plugins/com.genuitec.eclipse.code.engine.app.win32.x86_64_3.6.0.202002212104/engine/resources/app/extensions/json-language-features/client/dist/jsonMain
[2020-10-15 15:14:24.508] [exthost] [info] ExtensionService#_doActivateExtension vscode.typescript-language-features {"startup":false,"extensionId":{"value":"vscode.typescript-language-features","_lower":"vscode.typescript-language-features"},"activationEvent":"onLanguage:jsonc"}
[2020-10-15 15:14:24.508] [exthost] [info] ExtensionService#loadCommonJSModule file:///c:/Users/kccistc/Desktop/eclipse-jee-oxygen-3a-win32-x86_64/eclipse/plugins/com.genuitec.eclipse.code.engine.app.win32.x86_64_3.6.0.202002212104/engine/resources/app/extensions/typescript-language-features/dist/extension
[2020-10-15 15:14:24.543] [exthost] [info] ExtensionService#_doActivateExtension HookyQR.beautify {"startup":true,"extensionId":{"value":"HookyQR.beautify","_lower":"hookyqr.beautify"},"activationEvent":"*"}
[2020-10-15 15:14:24.543] [exthost] [info] ExtensionService#loadCommonJSModule file:///c:/Users/kccistc/Desktop/eclipse-jee-oxygen-3a-win32-x86_64/eclipse/plugins/pack.core.win_3.6.0.202007171759/HookyQR.beautify-1.4.11/extension
[2020-10-15 15:14:24.605] [exthost] [info] ExtensionService#_doActivateExtension christian-kohler.path-intellisense {"startup":true,"extensionId":{"value":"christian-kohler.path-intellisense","_lower":"christian-kohler.path-intellisense"},"activationEvent":"*"}
[2020-10-15 15:14:24.605] [exthost] [info] ExtensionService#loadCommonJSModule file:///c:/Users/kccistc/Desktop/eclipse-jee-oxygen-3a-win32-x86_64/eclipse/plugins/pack.core.win_3.6.0.202007171759/christian-kohler.path-intellisense-1.4.2/out/src/extension
[2020-10-15 15:14:24.621] [exthost] [info] ExtensionService#_doActivateExtension dbaeumer.vscode-eslint {"startup":true,"extensionId":{"value":"dbaeumer.vscode-eslint","_lower":"dbaeumer.vscode-eslint"},"activationEvent":"*"}
[2020-10-15 15:14:24.621] [exthost] [info] ExtensionService#loadCommonJSModule file:///c:/Users/kccistc/Desktop/eclipse-jee-oxygen-3a-win32-x86_64/eclipse/plugins/pack.core.win_3.6.0.202007171759/dbaeumer.vscode-eslint-1.9.0/client/out/extension
[2020-10-15 15:14:24.633] [exthost] [info] ExtensionService#_doActivateExtension vscode.debug-auto-launch {"startup":true,"extensionId":{"value":"vscode.debug-auto-launch","_lower":"vscode.debug-auto-launch"},"activationEvent":"*"}
[2020-10-15 15:14:24.633] [exthost] [info] ExtensionService#loadCommonJSModule file:///c:/Users/kccistc/Desktop/eclipse-jee-oxygen-3a-win32-x86_64/eclipse/plugins/com.genuitec.eclipse.code.engine.app.win32.x86_64_3.6.0.202002212104/engine/resources/app/extensions/debug-auto-launch/dist/extension
[2020-10-15 15:14:24.636] [exthost] [info] ExtensionService#_doActivateExtension vscode.emmet {"startup":true,"extensionId":{"value":"vscode.emmet","_lower":"vscode.emmet"},"activationEvent":"*"}
[2020-10-15 15:14:24.636] [exthost] [info] ExtensionService#loadCommonJSModule file:///c:/Users/kccistc/Desktop/eclipse-jee-oxygen-3a-win32-x86_64/eclipse/plugins/com.genuitec.eclipse.code.engine.app.win32.x86_64_3.6.0.202002212104/engine/resources/app/extensions/emmet/dist/extension
[2020-10-15 15:14:24.658] [exthost] [info] ExtensionService#_doActivateExtension formulahendry.auto-close-tag {"startup":true,"extensionId":{"value":"formulahendry.auto-close-tag","_lower":"formulahendry.auto-close-tag"},"activationEvent":"*"}
[2020-10-15 15:14:24.658] [exthost] [info] ExtensionService#loadCommonJSModule file:///c:/Users/kccistc/Desktop/eclipse-jee-oxygen-3a-win32-x86_64/eclipse/plugins/pack.core.win_3.6.0.202007171759/formulahendry.auto-close-tag-0.5.6/out/src/extension
[2020-10-15 15:14:24.670] [exthost] [info] ExtensionService#_doActivateExtension vscode.grunt {"startup":false,"extensionId":{"value":"vscode.grunt","_lower":"vscode.grunt"},"activationEvent":"onCommand:workbench.action.tasks.runTask"}
[2020-10-15 15:14:24.670] [exthost] [info] ExtensionService#loadCommonJSModule file:///c:/Users/kccistc/Desktop/eclipse-jee-oxygen-3a-win32-x86_64/eclipse/plugins/com.genuitec.eclipse.code.engine.app.win32.x86_64_3.6.0.202002212104/engine/resources/app/extensions/grunt/dist/main
[2020-10-15 15:14:24.673] [exthost] [info] ExtensionService#_doActivateExtension vscode.gulp {"startup":false,"extensionId":{"value":"vscode.gulp","_lower":"vscode.gulp"},"activationEvent":"onCommand:workbench.action.tasks.runTask"}
[2020-10-15 15:14:24.673] [exthost] [info] ExtensionService#loadCommonJSModule file:///c:/Users/kccistc/Desktop/eclipse-jee-oxygen-3a-win32-x86_64/eclipse/plugins/com.genuitec.eclipse.code.engine.app.win32.x86_64_3.6.0.202002212104/engine/resources/app/extensions/gulp/dist/main
[2020-10-15 15:14:24.676] [exthost] [info] ExtensionService#_doActivateExtension vscode.jake {"startup":false,"extensionId":{"value":"vscode.jake","_lower":"vscode.jake"},"activationEvent":"onCommand:workbench.action.tasks.runTask"}
[2020-10-15 15:14:24.676] [exthost] [info] ExtensionService#loadCommonJSModule file:///c:/Users/kccistc/Desktop/eclipse-jee-oxygen-3a-win32-x86_64/eclipse/plugins/com.genuitec.eclipse.code.engine.app.win32.x86_64_3.6.0.202002212104/engine/resources/app/extensions/jake/dist/main
[2020-10-15 15:14:24.679] [exthost] [info] ExtensionService#_doActivateExtension vscode.npm {"startup":false,"extensionId":{"value":"vscode.npm","_lower":"vscode.npm"},"activationEvent":"onCommand:workbench.action.tasks.runTask"}
[2020-10-15 15:14:24.679] [exthost] [info] ExtensionService#loadCommonJSModule file:///c:/Users/kccistc/Desktop/eclipse-jee-oxygen-3a-win32-x86_64/eclipse/plugins/com.genuitec.eclipse.code.engine.app.win32.x86_64_3.6.0.202002212104/engine/resources/app/extensions/npm/dist/main
[2020-10-15 15:14:24.714] [exthost] [info] eager extensions activated
[2020-10-15 15:14:26.998] [exthost] [info] ExtensionService#_doActivateExtension vscode.html-language-features {"startup":false,"extensionId":{"value":"vscode.html-language-features","_lower":"vscode.html-language-features"},"activationEvent":"onLanguage:html"}
[2020-10-15 15:14:26.998] [exthost] [info] ExtensionService#loadCommonJSModule file:///c:/Users/kccistc/Desktop/eclipse-jee-oxygen-3a-win32-x86_64/eclipse/plugins/com.genuitec.eclipse.code.engine.app.win32.x86_64_3.6.0.202002212104/engine/resources/app/extensions/html-language-features/client/dist/htmlMain
[2020-10-15 15:14:27.018] [exthost] [info] ExtensionService#_doActivateExtension mkaufman.HTMLHint {"startup":false,"extensionId":{"value":"mkaufman.HTMLHint","_lower":"mkaufman.htmlhint"},"activationEvent":"onLanguage:html"}
[2020-10-15 15:14:27.018] [exthost] [info] ExtensionService#loadCommonJSModule file:///c:/Users/kccistc/Desktop/eclipse-jee-oxygen-3a-win32-x86_64/eclipse/plugins/pack.core.win_3.6.0.202007171759/mkaufman.HTMLHint-0.6.0/out/extension
[2020-10-15 15:14:28.252] [exthost] [info] extension host started
[2020-10-15 15:14:28.269] [exthost] [info] ExtensionService#_doActivateExtension vscode.configuration-editing {"startup":false,"extensionId":{"value":"vscode.configuration-editing","_lower":"vscode.configuration-editing"},"activationEvent":"onLanguage:jsonc"}
[2020-10-15 15:14:28.269] [exthost] [info] ExtensionService#loadCommonJSModule file:///c:/Users/kccistc/Desktop/eclipse-jee-oxygen-3a-win32-x86_64/eclipse/plugins/com.genuitec.eclipse.code.engine.app.win32.x86_64_3.6.0.202002212104/engine/resources/app/extensions/configuration-editing/dist/extension
[2020-10-15 15:14:28.276] [exthost] [info] ExtensionService#_doActivateExtension vscode.json-language-features {"startup":false,"extensionId":{"value":"vscode.json-language-features","_lower":"vscode.json-language-features"},"activationEvent":"onLanguage:jsonc"}
[2020-10-15 15:14:28.276] [exthost] [info] ExtensionService#loadCommonJSModule file:///c:/Users/kccistc/Desktop/eclipse-jee-oxygen-3a-win32-x86_64/eclipse/plugins/com.genuitec.eclipse.code.engine.app.win32.x86_64_3.6.0.202002212104/engine/resources/app/extensions/json-language-features/client/dist/jsonMain
[2020-10-15 15:14:28.302] [exthost] [info] ExtensionService#_doActivateExtension vscode.typescript-language-features {"startup":false,"extensionId":{"value":"vscode.typescript-language-features","_lower":"vscode.typescript-language-features"},"activationEvent":"onLanguage:jsonc"}
[2020-10-15 15:14:28.302] [exthost] [info] ExtensionService#loadCommonJSModule file:///c:/Users/kccistc/Desktop/eclipse-jee-oxygen-3a-win32-x86_64/eclipse/plugins/com.genuitec.eclipse.code.engine.app.win32.x86_64_3.6.0.202002212104/engine/resources/app/extensions/typescript-language-features/dist/extension
[2020-10-15 15:14:28.328] [exthost] [info] ExtensionService#_doActivateExtension vscode.grunt {"startup":false,"extensionId":{"value":"vscode.grunt","_lower":"vscode.grunt"},"activationEvent":"onCommand:workbench.action.tasks.runTask"}
[2020-10-15 15:14:28.328] [exthost] [info] ExtensionService#loadCommonJSModule file:///c:/Users/kccistc/Desktop/eclipse-jee-oxygen-3a-win32-x86_64/eclipse/plugins/com.genuitec.eclipse.code.engine.app.win32.x86_64_3.6.0.202002212104/engine/resources/app/extensions/grunt/dist/main
[2020-10-15 15:14:28.332] [exthost] [info] ExtensionService#_doActivateExtension vscode.gulp {"startup":false,"extensionId":{"value":"vscode.gulp","_lower":"vscode.gulp"},"activationEvent":"onCommand:workbench.action.tasks.runTask"}
[2020-10-15 15:14:28.332] [exthost] [info] ExtensionService#loadCommonJSModule file:///c:/Users/kccistc/Desktop/eclipse-jee-oxygen-3a-win32-x86_64/eclipse/plugins/com.genuitec.eclipse.code.engine.app.win32.x86_64_3.6.0.202002212104/engine/resources/app/extensions/gulp/dist/main
[2020-10-15 15:14:28.337] [exthost] [info] ExtensionService#_doActivateExtension vscode.jake {"startup":false,"extensionId":{"value":"vscode.jake","_lower":"vscode.jake"},"activationEvent":"onCommand:workbench.action.tasks.runTask"}
[2020-10-15 15:14:28.337] [exthost] [info] ExtensionService#loadCommonJSModule file:///c:/Users/kccistc/Desktop/eclipse-jee-oxygen-3a-win32-x86_64/eclipse/plugins/com.genuitec.eclipse.code.engine.app.win32.x86_64_3.6.0.202002212104/engine/resources/app/extensions/jake/dist/main
[2020-10-15 15:14:28.344] [exthost] [info] ExtensionService#_doActivateExtension vscode.npm {"startup":false,"extensionId":{"value":"vscode.npm","_lower":"vscode.npm"},"activationEvent":"onCommand:workbench.action.tasks.runTask"}
[2020-10-15 15:14:28.344] [exthost] [info] ExtensionService#loadCommonJSModule file:///c:/Users/kccistc/Desktop/eclipse-jee-oxygen-3a-win32-x86_64/eclipse/plugins/com.genuitec.eclipse.code.engine.app.win32.x86_64_3.6.0.202002212104/engine/resources/app/extensions/npm/dist/main
[2020-10-15 15:14:28.356] [exthost] [info] ExtensionService#_doActivateExtension vscode.emmet {"startup":false,"extensionId":{"value":"vscode.emmet","_lower":"vscode.emmet"},"activationEvent":"onLanguage:html"}
[2020-10-15 15:14:28.356] [exthost] [info] ExtensionService#loadCommonJSModule file:///c:/Users/kccistc/Desktop/eclipse-jee-oxygen-3a-win32-x86_64/eclipse/plugins/com.genuitec.eclipse.code.engine.app.win32.x86_64_3.6.0.202002212104/engine/resources/app/extensions/emmet/dist/extension
[2020-10-15 15:14:28.377] [exthost] [info] ExtensionService#_doActivateExtension vscode.html-language-features {"startup":false,"extensionId":{"value":"vscode.html-language-features","_lower":"vscode.html-language-features"},"activationEvent":"onLanguage:html"}
[2020-10-15 15:14:28.377] [exthost] [info] ExtensionService#loadCommonJSModule file:///c:/Users/kccistc/Desktop/eclipse-jee-oxygen-3a-win32-x86_64/eclipse/plugins/com.genuitec.eclipse.code.engine.app.win32.x86_64_3.6.0.202002212104/engine/resources/app/extensions/html-language-features/client/dist/htmlMain
[2020-10-15 15:14:28.398] [exthost] [info] ExtensionService#_doActivateExtension mkaufman.HTMLHint {"startup":false,"extensionId":{"value":"mkaufman.HTMLHint","_lower":"mkaufman.htmlhint"},"activationEvent":"onLanguage:html"}
[2020-10-15 15:14:28.398] [exthost] [info] ExtensionService#loadCommonJSModule file:///c:/Users/kccistc/Desktop/eclipse-jee-oxygen-3a-win32-x86_64/eclipse/plugins/pack.core.win_3.6.0.202007171759/mkaufman.HTMLHint-0.6.0/out/extension
[2020-10-15 15:14:28.450] [exthost] [info] ExtensionService#_doActivateExtension HookyQR.beautify {"startup":true,"extensionId":{"value":"HookyQR.beautify","_lower":"hookyqr.beautify"},"activationEvent":"*"}
[2020-10-15 15:14:28.450] [exthost] [info] ExtensionService#loadCommonJSModule file:///c:/Users/kccistc/Desktop/eclipse-jee-oxygen-3a-win32-x86_64/eclipse/plugins/pack.core.win_3.6.0.202007171759/HookyQR.beautify-1.4.11/extension
[2020-10-15 15:14:28.507] [exthost] [info] ExtensionService#_doActivateExtension christian-kohler.path-intellisense {"startup":true,"extensionId":{"value":"christian-kohler.path-intellisense","_lower":"christian-kohler.path-intellisense"},"activationEvent":"*"}
[2020-10-15 15:14:28.507] [exthost] [info] ExtensionService#loadCommonJSModule file:///c:/Users/kccistc/Desktop/eclipse-jee-oxygen-3a-win32-x86_64/eclipse/plugins/pack.core.win_3.6.0.202007171759/christian-kohler.path-intellisense-1.4.2/out/src/extension
[2020-10-15 15:14:28.522] [exthost] [info] ExtensionService#_doActivateExtension dbaeumer.vscode-eslint {"startup":true,"extensionId":{"value":"dbaeumer.vscode-eslint","_lower":"dbaeumer.vscode-eslint"},"activationEvent":"*"}
[2020-10-15 15:14:28.522] [exthost] [info] ExtensionService#loadCommonJSModule file:///c:/Users/kccistc/Desktop/eclipse-jee-oxygen-3a-win32-x86_64/eclipse/plugins/pack.core.win_3.6.0.202007171759/dbaeumer.vscode-eslint-1.9.0/client/out/extension
[2020-10-15 15:14:28.546] [exthost] [info] ExtensionService#_doActivateExtension vscode.debug-auto-launch {"startup":true,"extensionId":{"value":"vscode.debug-auto-launch","_lower":"vscode.debug-auto-launch"},"activationEvent":"*"}
[2020-10-15 15:14:28.546] [exthost] [info] ExtensionService#loadCommonJSModule file:///c:/Users/kccistc/Desktop/eclipse-jee-oxygen-3a-win32-x86_64/eclipse/plugins/com.genuitec.eclipse.code.engine.app.win32.x86_64_3.6.0.202002212104/engine/resources/app/extensions/debug-auto-launch/dist/extension
[2020-10-15 15:14:28.549] [exthost] [info] ExtensionService#_doActivateExtension formulahendry.auto-close-tag {"startup":true,"extensionId":{"value":"formulahendry.auto-close-tag","_lower":"formulahendry.auto-close-tag"},"activationEvent":"*"}
[2020-10-15 15:14:28.549] [exthost] [info] ExtensionService#loadCommonJSModule file:///c:/Users/kccistc/Desktop/eclipse-jee-oxygen-3a-win32-x86_64/eclipse/plugins/pack.core.win_3.6.0.202007171759/formulahendry.auto-close-tag-0.5.6/out/src/extension
[2020-10-15 15:14:28.552] [exthost] [info] eager extensions activated
[2020-10-15 15:17:18.307] [exthost] [error] [vscode.html-language-features] provider FAILED
[2020-10-15 15:17:18.311] [exthost] [error] Error: DisposableStore is missing...
	at SuggestAdapter._convertCompletionItem (c:\Users\kccistc\Desktop\eclipse-jee-oxygen-3a-win32-x86_64\eclipse\plugins\com.genuitec.eclipse.code.engine.app.win32.x86_64_3.6.0.202002212104\engine\resources\app\out\vs\workbench\services\extensions\node\extensionHostProcess.js:38370:23)
	at c:\Users\kccistc\Desktop\eclipse-jee-oxygen-3a-win32-x86_64\eclipse\plugins\com.genuitec.eclipse.code.engine.app.win32.x86_64_3.6.0.202002212104\engine\resources\app\out\vs\workbench\services\extensions\node\extensionHostProcess.js:38355:29
[2020-10-15 15:22:19.393] [exthost] [info] ExtensionService#_doActivateExtension vscode.debug-server-ready {"startup":false,"extensionId":{"value":"vscode.debug-server-ready","_lower":"vscode.debug-server-ready"},"activationEvent":"onDebugResolve"}
[2020-10-15 15:22:19.393] [exthost] [info] ExtensionService#loadCommonJSModule file:///c:/Users/kccistc/Desktop/eclipse-jee-oxygen-3a-win32-x86_64/eclipse/plugins/com.genuitec.eclipse.code.engine.app.win32.x86_64_3.6.0.202002212104/engine/resources/app/extensions/debug-server-ready/dist/extension
[2020-10-15 15:22:19.398] [exthost] [info] ExtensionService#_doActivateExtension msjsdiag.debugger-for-chrome {"startup":false,"extensionId":{"value":"msjsdiag.debugger-for-chrome","_lower":"msjsdiag.debugger-for-chrome"},"activationEvent":"onDebugResolve:chrome"}
[2020-10-15 15:22:19.398] [exthost] [info] ExtensionService#loadCommonJSModule file:///c:/Users/kccistc/Desktop/eclipse-jee-oxygen-3a-win32-x86_64/eclipse/plugins/pack.core.win_3.6.0.202007171759/msjsdiag.debugger-for-chrome-4.12.3/out/src/extension
[2020-10-15 15:39:16.407] [exthost] [error] [vscode.html-language-features] provider FAILED
[2020-10-15 15:39:16.411] [exthost] [error] Error: DisposableStore is missing...
	at SuggestAdapter._convertCompletionItem (c:\Users\kccistc\Desktop\eclipse-jee-oxygen-3a-win32-x86_64\eclipse\plugins\com.genuitec.eclipse.code.engine.app.win32.x86_64_3.6.0.202002212104\engine\resources\app\out\vs\workbench\services\extensions\node\extensionHostProcess.js:38370:23)
	at c:\Users\kccistc\Desktop\eclipse-jee-oxygen-3a-win32-x86_64\eclipse\plugins\com.genuitec.eclipse.code.engine.app.win32.x86_64_3.6.0.202002212104\engine\resources\app\out\vs\workbench\services\extensions\node\extensionHostProcess.js:38355:29
[2020-10-15 15:50:09.644] [exthost] [error] [vscode.html-language-features] provider FAILED
[2020-10-15 15:50:09.644] [exthost] [error] Error: DisposableStore is missing...
	at SuggestAdapter._convertCompletionItem (c:\Users\kccistc\Desktop\eclipse-jee-oxygen-3a-win32-x86_64\eclipse\plugins\com.genuitec.eclipse.code.engine.app.win32.x86_64_3.6.0.202002212104\engine\resources\app\out\vs\workbench\services\extensions\node\extensionHostProcess.js:38370:23)
	at c:\Users\kccistc\Desktop\eclipse-jee-oxygen-3a-win32-x86_64\eclipse\plugins\com.genuitec.eclipse.code.engine.app.win32.x86_64_3.6.0.202002212104\engine\resources\app\out\vs\workbench\services\extensions\node\extensionHostProcess.js:38355:29
